#
# There is insufficient memory for the Java Runtime Environment to continue.
# Native memory allocation (mmap) failed to map 268435456 bytes for G1 virtual space
# Possible reasons:
#   The system is out of physical RAM or swap space
#   The process is running with CompressedOops enabled, and the Java Heap may be blocking the growth of the native heap
# Possible solutions:
#   Reduce memory load on the system
#   Increase physical memory or swap space
#   Check if swap backing store is full
#   Decrease Java heap size (-Xmx/-Xms)
#   Decrease number of Java threads
#   Decrease Java thread stack sizes (-Xss)
#   Set larger code cache with -XX:ReservedCodeCacheSize=
#   JVM is running with Zero Based Compressed Oops mode in which the Java heap is
#     placed in the first 32GB address space. The Java Heap base address is the
#     maximum limit for the native heap growth. Please use -XX:HeapBaseMinAddress
#     to set the Java Heap base and to place the Java Heap above 32GB virtual address.
# This output file may be truncated or incomplete.
#
#  Out of Memory Error (os_windows.cpp:3825), pid=18044, tid=25888
#
# JRE version:  (17.0.9+7) (build )
# Java VM: OpenJDK 64-Bit Server VM (17.0.9+7-b1087.3, mixed mode, sharing, tiered, compressed oops, compressed class ptrs, g1 gc, windows-amd64)
# No core dump will be written. Minidumps are not enabled by default on client versions of Windows
#

---------------  S U M M A R Y ------------

Command Line: --module-path=C:\Users\Mega-Pc\.m2\repository\org\openjfx\javafx-base\21.0.2\javafx-base-21.0.2-win.jar;C:\Users\Mega-Pc\.m2\repository\org\openjfx\javafx-base\21.0.2\javafx-base-21.0.2.jar;C:\Users\Mega-Pc\.m2\repository\org\openjfx\javafx-controls\21.0.2\javafx-controls-21.0.2-win.jar;C:\Users\Mega-Pc\.m2\repository\org\openjfx\javafx-controls\21.0.2\javafx-controls-21.0.2.jar;C:\Users\Mega-Pc\.m2\repository\org\openjfx\javafx-fxml\21.0.2\javafx-fxml-21.0.2-win.jar;C:\Users\Mega-Pc\.m2\repository\org\openjfx\javafx-fxml\21.0.2\javafx-fxml-21.0.2.jar;C:\Users\Mega-Pc\.m2\repository\org\openjfx\javafx-graphics\21.0.2\javafx-graphics-21.0.2-win.jar;C:\Users\Mega-Pc\.m2\repository\org\openjfx\javafx-graphics\21.0.2\javafx-graphics-21.0.2.jar --add-modules=javafx.base,javafx.controls,javafx.fxml,javafx.graphics tn.esprit.test.MainFx

Host: AMD Ryzen 5 3600 6-Core Processor              , 12 cores, 15G,  Windows 10 , 64 bit Build 19041 (10.0.19041.3636)
Time: Sun Apr 21 23:59:05 2024 Paris, Madrid (heure duild 19041 (10.0.19041.3636) elapsed time: 0.006015 seconds (0d 0h 0m 0s)

---------------  T H R E A D  ---------------

Current thread (0x000001ea8a86e6c0):  JavaThread "Unknown thread" [_thread_in_vm, id=25888, stack(0x00000081ab100000,0x00000081ab200000)]

Stack: [0x00000081ab100000,0x00000081ab200000]
Native frames: (J=compiled Java code, j=interpreted, Vv=VM code, C=native code)
V  [jvm.dll+0x6886e9]


---------------  P R O C E S S  ---------------

Threads class SMR info:
_java_thread_list=0x00007ff86998ef18, length=0, elements={
}

Java Threads: ( => current thread )

Other Threads:
  0x000001ea8a8da010 GCTaskThread "GC Thread#0" [stack: 0x00000081ab200000,0x00000081ab300000] [id=6492]
  0x000001ea8a8eae30 ConcurrentGCThread "G1 Main Marker" [stack: 0x00000081ab300000,0x00000081ab400000] [id=15364]
  0x000001ea8a8ebff0 ConcurrentGCThread "G1 Conc#0" [stack: 0x00000081ab400000,0x00000081ab500000] [id=3864]

[error occurred during error reporting (printing all threads), id 0xc0000005, EXCEPTION_ACCESS_VIOLATION (0xc0000005) at pc=0x00007ff869143937]

VM state: not at safepoint (not fully initialized)

VM Mutex/Monitor currently owned by a thread:  ([mutex/lock_event])
[0x000001ea8a86a5e0] Heap_lock - owner thread: 0x000001ea8a86e6c0

Heap address: 0x0000000701200000, size: 4078 MB, Compressed Oops mode: Zero based, Oop shift amount: 3

CDS archive(s) mapped at: [0x0000000000000000-0x0000000000000000-0x0000000000000000), size 0, SharedBaseAddress: 0x0000000800000000, ArchiveRelocationMode: 1.
Narrow klass base: 0x0000000000000000, Narrow klass shift: 0, Narrow klass range: 0x0

GC Precious Log:
<Empty>

Heap:
 garbage-first heap   total 0K, used 0K [0x0000000701200000, 0x0000000800000000)
  region size 2048K, 0 young (0K), 0 survivors (0K)
 Metaspace       used 0K, committed 0K, reserved 0K
  class space    used 0K, committed 0K, reserved 0K

Heap Regions: E=young(eden), S=young(survivor), O=old, HS=humongous(starts), HC=humongous(continues), CS=collection set, F=free, OA=open archive, CA=closed archive, TAMS=top-at-mark-start (previous, next)

Card table byte_map: [0x000001ea9dda0000,0x000001ea9e5a0000] _byte_map_base: 0x000001ea9a597000

Marking Bits (Prev, Next): (CMBitMap*) 0x000001ea8a8da630, (CMBitMap*) 0x000001ea8a8da670
 Prev Bits: [0x000001ea9eda0000, 0x000001eaa2d58000)
 Next Bits: [0x000001eaa2d60000, 0x000001eaa6d18000)

GC Heap History (0 events):
No events

Dll operation events (1 events):
Event: 0.004 Loaded shared library C:\Users\Mega-Pc\.jdks\jbrsdk-17.0.9\bin\java.dll

Deoptimization events (0 events):
No events

Classes unloaded (0 events):
No events

Classes redefined (0 events):
No events

Internal exceptions (0 events):
No events

VM Operations (0 events):
No events

Events (0 events):
No events


Dynamic libraries:
0x00007ff74ec30000 - 0x00007ff74ec3a000 	C:\Users\Mega-Pc\.jdks\jbrsdk-17.0.9\bin\java.exe
0x00007ff8e6430000 - 0x00007ff8e6628000 	C:\Windows\SYSTEM32\ntdll.dll
0x00007ff8e4880000 - 0x00007ff8e493d000 	C:\Windows\System32\KERNEL32.DLL
0x00007ff8e3f20000 - 0x00007ff8e4216000 	C:\Windows\System32\KERNELBASE.dll
0x00007ff8e42c0000 - 0x00007ff8e43c0000 	C:\Windows\System32\ucrtbase.dll
0x00007ff8bfc20000 - 0x00007ff8bfc37000 	C:\Users\Mega-Pc\.jdks\jbrsdk-17.0.9\bin\jli.dll
0x00007ff8bfc40000 - 0x00007ff8bfc5b000 	C:\Users\Mega-Pc\.jdks\jbrsdk-17.0.9\bin\VCRUNTIME140.dll
0x00007ff8e5820000 - 0x00007ff8e59bf000 	C:\Windows\System32\USER32.dll
0x00007ff8e3ef0000 - 0x00007ff8e3f12000 	C:\Windows\System32\win32u.dll
0x00007ff8ca710000 - 0x00007ff8ca9aa000 	C:\Windows\WinSxS\amd64_microsoft.windows.common-controls_6595b64144ccf1df_6.0.19041.3636_none_60b6a03d71f818d5\COMCTL32.dll
0x00007ff8e57b0000 - 0x00007ff8e57db000 	C:\Windows\System32\GDI32.dll
0x00007ff8e3dd0000 - 0x00007ff8e3ee7000 	C:\Windows\System32\gdi32full.dll
0x00007ff8e4d00000 - 0x00007ff8e4d9e000 	C:\Windows\System32\msvcrt.dll
0x00007ff8e4220000 - 0x00007ff8e42bd000 	C:\Windows\System32\msvcp_win.dll
0x00007ff8e57e0000 - 0x00007ff8e5812000 	C:\Windows\System32\IMM32.DLL
0x00007ff8df5a0000 - 0x00007ff8df5ac000 	C:\Users\Mega-Pc\.jdks\jbrsdk-17.0.9\bin\vcruntime140_1.dll
0x00007ff8a23c0000 - 0x00007ff8a244d000 	C:\Users\Mega-Pc\.jdks\jbrsdk-17.0.9\bin\msvcp140.dll
0x00007ff868e50000 - 0x00007ff869ad3000 	C:\Users\Mega-Pc\.jdks\jbrsdk-17.0.9\bin\server\jvm.dll
0x00007ff8e5630000 - 0x00007ff8e56e0000 	C:\Windows\System32\ADVAPI32.dll
0x00007ff8e45c0000 - 0x00007ff8e4660000 	C:\Windows\System32\sechost.dll
0x00007ff8e5b50000 - 0x00007ff8e5c73000 	C:\Windows\System32\RPCRT4.dll
0x00007ff8e4430000 - 0x00007ff8e4457000 	C:\Windows\System32\bcrypt.dll
0x00007ff8e3410000 - 0x00007ff8e345b000 	C:\Windows\SYSTEM32\POWRPROF.dll
0x00007ff8d4e70000 - 0x00007ff8d4e79000 	C:\Windows\SYSTEM32\WSOCK32.dll
0x00007ff8de9b0000 - 0x00007ff8de9ba000 	C:\Windows\SYSTEM32\VERSION.dll
0x00007ff8d8770000 - 0x00007ff8d8797000 	C:\Windows\SYSTEM32\WINMM.dll
0x00007ff8e4da0000 - 0x00007ff8e4e0b000 	C:\Windows\System32\WS2_32.dll
0x00007ff8e32d0000 - 0x00007ff8e32e2000 	C:\Windows\SYSTEM32\UMPDC.dll
0x00007ff8e18b0000 - 0x00007ff8e18c2000 	C:\Windows\SYSTEM32\kernel.appcore.dll
0x00007ff8d7e80000 - 0x00007ff8d7e8a000 	C:\Users\Mega-Pc\.jdks\jbrsdk-17.0.9\bin\jimage.dll
0x00007ff8ddf20000 - 0x00007ff8de104000 	C:\Windows\SYSTEM32\DBGHELP.DLL
0x00007ff8ddea0000 - 0x00007ff8dded4000 	C:\Windows\SYSTEM32\dbgcore.DLL
0x00007ff8e3d40000 - 0x00007ff8e3dc2000 	C:\Windows\System32\bcryptPrimitives.dll
0x00007ff8bfbf0000 - 0x00007ff8bfc15000 	C:\Users\Mega-Pc\.jdks\jbrsdk-17.0.9\bin\java.dll

dbghelp: loaded successfully - version: 4.0.5 - missing functions: none
symbol engine: initialized successfully - sym options: 0x614 - pdb path: .;C:\Users\Mega-Pc\.jdks\jbrsdk-17.0.9\bin;C:\Windows\SYSTEM32;C:\Windows\WinSxS\amd64_microsoft.windows.common-controls_6595b64144ccf1df_6.0.19041.3636_none_60b6a03d71f818d5;C:\Users\Mega-Pc\.jdks\jbrsdk-17.0.9\bin\server

VM Arguments:
jvm_args: --module-path=C:\Users\Mega-Pc\.m2\repository\org\openjfx\javafx-base\21.0.2\javafx-base-21.0.2-win.jar;C:\Users\Mega-Pc\.m2\repository\org\openjfx\javafx-base\21.0.2\javafx-base-21.0.2.jar;C:\Users\Mega-Pc\.m2\repository\org\openjfx\javafx-controls\21.0.2\javafx-controls-21.0.2-win.jar;C:\Users\Mega-Pc\.m2\repository\org\openjfx\javafx-controls\21.0.2\javafx-controls-21.0.2.jar;C:\Users\Mega-Pc\.m2\repository\org\openjfx\javafx-fxml\21.0.2\javafx-fxml-21.0.2-win.jar;C:\Users\Mega-Pc\.m2\repository\org\openjfx\javafx-fxml\21.0.2\javafx-fxml-21.0.2.jar;C:\Users\Mega-Pc\.m2\repository\org\openjfx\javafx-graphics\21.0.2\javafx-graphics-21.0.2-win.jar;C:\Users\Mega-Pc\.m2\repository\org\openjfx\javafx-graphics\21.0.2\javafx-graphics-21.0.2.jar --add-modules=javafx.base,javafx.controls,javafx.fxml,javafx.graphics 
java_command: tn.esprit.test.MainFx
java_class_path (initial): C:\Users\Mega-Pc\Desktop\JAVAFX\workshopjdbc-3a-main\target\classes;C:\Users\Mega-Pc\.m2\repository\com\google\protobuf\protobuf-java\3.21.9\protobuf-java-3.21.9.jar;C:\Users\Mega-Pc\.m2\repository\com\mysql\mysql-connector-j\8.0.33\mysql-connector-j-8.0.33.jar
Launcher Type: SUN_STANDARD

[Global flags]
     intx CICompilerCount                          = 4                                         {product} {ergonomic}
     uint ConcGCThreads                            = 3                                         {product} {ergonomic}
     uint G1ConcRefinementThreads                  = 10                                        {product} {ergonomic}
   size_t G1HeapRegionSize                         = 2097152                                   {product} {ergonomic}
    uintx GCDrainStackTargetSize                   = 64                                        {product} {ergonomic}
   size_t InitialHeapSize                          = 268435456                                 {product} {ergonomic}
   size_t MarkStackSize                            = 4194304                                   {product} {ergonomic}
   size_t MaxHeapSize                              = 4276092928                                {product} {ergonomic}
   size_t MinHeapDeltaBytes                        = 2097152                                   {product} {ergonomic}
   size_t MinHeapSize                              = 8388608                                   {product} {ergonomic}
    uintx NonNMethodCodeHeapSize                   = 5839372                                {pd product} {ergonomic}
    uintx NonProfiledCodeHeapSize                  = 122909434                              {pd product} {ergonomic}
    uintx ProfiledCodeHeapSize                     = 122909434                              {pd product} {ergonomic}
    uintx ReservedCodeCacheSize                    = 251658240                              {pd product} {ergonomic}
     bool SegmentedCodeCache                       = true                                      {product} {ergonomic}
   size_t SoftMaxHeapSize                          = 4276092928                             {manageable} {ergonomic}
     bool UseCompressedClassPointers               = true                           {product lp64_product} {ergonomic}
     bool UseCompressedOops                        = true                           {product lp64_product} {ergonomic}
     bool UseG1GC                                  = true                                      {product} {ergonomic}
     bool UseLargePagesIndividualAllocation        = false                                  {pd product} {ergonomic}

Logging:
Log output configuration:
 #0: stdout all=warning uptime,level,tags
 #1: stderr all=off uptime,level,tags

Environment Variables:
PATH=C:\Program Files (x86)\Razer Chroma SDK\bin;C:\Program Files\Razer Chroma SDK\bin;C:\Program Files (x86)\Razer\ChromaBroadcast\bin;C:\Program Files\Razer\ChromaBroadcast\bin;C:\Windows\system32;C:\Windows;C:\Windows\System32\Wbem;C:\Windows\System32\WindowsPowerShell\v1.0\;C:\Windows\System32\OpenSSH\;C:\Program Files (x86)\NVIDIA Corporation\PhysX\Common;C:\Program Files\NVIDIA Corporation\NVIDIA NvDLISR;C:\Windows\system32\config\systemprofile\AppData\Local\Microsoft\WindowsApps;C:\Users\Mega-Pc\AppData\Local\Microsoft\WindowsApps;C:\Users\Mega-Pc\AppData\Local\Programs\Microsoft VS Code\bin;C:\Users\Mega-Pc\AppData\Local\GitHubDesktop\bin;C:\xampp\php;C:\ProgramData\ComposerSetup\bin;C:\Program Files\Git\cmd;C:\Users\Mega-Pc\scoop\shims;C:\Users\Mega-Pc\AppData\Local\Microsoft\WindowsApps;C:\Users\Mega-Pc\AppData\Local\Programs\Microsoft VS Code\bin;C:\Users\Mega-Pc\AppData\Local\GitHubDesktop\bin;C:\Program Files\JetBrains\IntelliJ IDEA 2023.2.4\bin;;C:\Users\Mega-Pc\AppData\Roaming\Composer\vendor\bin
USERNAME=Mega-Pc
OS=Windows_NT
PROCESSOR_IDENTIFIER=AMD64 Family 23 Model 113 Stepping 0, AuthenticAMD
TMP=C:\Users\Mega-Pc\AppData\Local\Temp
TEMP=C:\Users\Mega-Pc\AppData\Local\Temp



Periodic native trim disabled

JNI global refs:
JNI global refs: 0, weak refs: 0

JNI global refs memory usage: 0, weak refs: 0

OOME stack traces (most recent first):
Classloader memory used:


---------------  S Y S T E M  ---------------

OS:
 Windows 10 , 64 bit Build 19041 (10.0.19041.3636)
OS uptime: 3 days 23:43 hours

CPU: total 12 (initial active 12) (12 cores per cpu, 2 threads per core) family 23 model 113 stepping 0 microcode 0x0, cx8, cmov, fxsr, ht, mmx, 3dnowpref, sse, sse2, sse3, ssse3, sse4a, sse4.1, sse4.2, popcnt, lzcnt, tsc, tscinvbit, avx, avx2, aes, clmul, bmi1, bmi2, adx, sha, fma, vzeroupper, clflush, clflushopt
Processor Information for all 12 processors :
  Max Mhz: 3600, Current Mhz: 3600, Mhz Limit: 3600

Memory: 4k page, system-wide physical 16307M (3401M free)
TotalPageFile size 65459M (AvailPageFile size 5M)
current process WorkingSet (physical memory assigned to process): 27M, peak: 27M
current process commit charge ("private bytes"): 79M, peak: 320M

vm_info: OpenJDK 64-Bit Server VM (17.0.9+7-b1087.3) for windows-amd64 JRE (17.0.9+7-b1087.3), built on 2023-10-21 by "builduser" with MS VC++ 16.10 / 16.11 (VS2019)

END.
