#
# There is insufficient memory for the Java Runtime Environment to continue.
# Native memory allocation (malloc) failed to allocate 1090176 bytes for Chunk::new
# Possible reasons:
#   The system is out of physical RAM or swap space
#   The process is running with CompressedOops enabled, and the Java Heap may be blocking the growth of the native heap
# Possible solutions:
#   Reduce memory load on the system
#   Increase physical memory or swap space
#   Check if swap backing store is full
#   Decrease Java heap size (-Xmx/-Xms)
#   Decrease number of Java threads
#   Decrease Java thread stack sizes (-Xss)
#   Set larger code cache with -XX:ReservedCodeCacheSize=
#   JVM is running with Zero Based Compressed Oops mode in which the Java heap is
#     placed in the first 32GB address space. The Java Heap base address is the
#     maximum limit for the native heap growth. Please use -XX:HeapBaseMinAddress
#     to set the Java Heap base and to place the Java Heap above 32GB virtual address.
# This output file may be truncated or incomplete.
#
#  Out of Memory Error (arena.cpp:191), pid=20044, tid=6820
#
# JRE version: OpenJDK Runtime Environment JBR-17.0.9+7-1087.3-nomod (17.0.9+7) (build 17.0.9+7-b1087.3)
# Java VM: OpenJDK 64-Bit Server VM JBR-17.0.9+7-1087.3-nomod (17.0.9+7-b1087.3, mixed mode, tiered, compressed oops, compressed class ptrs, g1 gc, windows-amd64)
# No core dump will be written. Minidumps are not enabled by default on client versions of Windows
#

---------------  S U M M A R Y ------------

Command Line: -Dmaven.multiModuleProjectDirectory=C:\Users\Mega-Pc\Desktop\JAVAFX\workshopjdbc-3a-main -Djansi.passthrough=true -Dmaven.home=C:\Program Files\JetBrains\IntelliJ IDEA 2023.2.4\plugins\maven\lib\maven3 -Dclassworlds.conf=C:\Program Files\JetBrains\IntelliJ IDEA 2023.2.4\plugins\maven\lib\maven3\bin\m2.conf -Dmaven.ext.class.path=C:\Program Files\JetBrains\IntelliJ IDEA 2023.2.4\plugins\maven\lib\maven-event-listener.jar -javaagent:C:\Program Files\JetBrains\IntelliJ IDEA 2023.2.4\lib\idea_rt.jar=52637:C:\Program Files\JetBrains\IntelliJ IDEA 2023.2.4\bin -Dfile.encoding=UTF-8 org.codehaus.classworlds.Launcher -Didea.version=2023.2.4 org.openjfx:javafx-maven-plugin:0.0.8:run

Host: AMD Ryzen 5 3600 6-Core Processor              , 12 cores, 15G,  Windows 10 , 64 bit Build 19041 (10.0.19041.3636)
Time: Sun Apr 21 23:59:05 2024 Paris, Madrid (heure duild 19041 (10.0.19041.3636) elapsed time: 1.909399 seconds (0d 0h 0m 1s)

---------------  T H R E A D  ---------------

Current thread (0x000001afe96a2560):  JavaThread "C2 CompilerThread0" daemon [_thread_in_native, id=6820, stack(0x00000080e9000000,0x00000080e9100000)]


Current CompileTask:
C2:   1909 4203   !   4       com.google.inject.spi.InjectionPoint::getInjectionPoints (491 bytes)

Stack: [0x00000080e9000000,0x00000080e9100000]
Native frames: (J=compiled Java code, j=interpreted, Vv=VM code, C=native code)
V  [jvm.dll+0x6886e9]  os::platform_print_native_stack+0xd9  (os_windows_x86.cpp:235)
V  [jvm.dll+0x841e4a]  VMError::report+0xc6a  (vmError.cpp:855)
V  [jvm.dll+0x843a8e]  VMError::report_and_die+0x78e  (vmError.cpp:1749)
V  [jvm.dll+0x8440f3]  VMError::report_and_die+0x43  (vmError.cpp:1535)
V  [jvm.dll+0x24c14f]  report_vm_out_of_memory+0x8f  (debug.cpp:321)
V  [jvm.dll+0xac44c]  Chunk::operator new+0xcc  (arena.cpp:191)
V  [jvm.dll+0xaca9c]  Arena::grow+0x3c  (arena.cpp:352)
V  [jvm.dll+0x2b376f]  PhaseIdealLoop::Dominators+0x8f  (domgraph.cpp:397)
V  [jvm.dll+0x590767]  PhaseIdealLoop::build_and_optimize+0x417  (loopnode.cpp:3852)
V  [jvm.dll+0x226762]  PhaseIdealLoop::optimize+0x132  (loopnode.hpp:1155)
V  [jvm.dll+0x226b4f]  Compile::optimize_loops+0xbf  (compile.cpp:2026)
V  [jvm.dll+0x21fc76]  Compile::Optimize+0x10a6  (compile.cpp:2248)
V  [jvm.dll+0x21d0c1]  Compile::Compile+0xd51  (compile.cpp:791)
V  [jvm.dll+0x1a674d]  C2Compiler::compile_method+0xad  (c2compiler.cpp:110)
V  [jvm.dll+0x22d088]  CompileBroker::invoke_compiler_on_method+0x878  (compileBroker.cpp:2357)
V  [jvm.dll+0x22b1c0]  CompileBroker::compiler_thread_loop+0x2d0  (compileBroker.cpp:2015)
V  [jvm.dll+0x7f62f7]  JavaThread::run+0x147  (thread.cpp:1299)
V  [jvm.dll+0x7f06aa]  Thread::call_run+0x8a  (thread.cpp:405)
V  [jvm.dll+0x687565]  thread_native_entry+0x75  (os_windows.cpp:550)
C  [ucrtbase.dll+0x21bb2]
C  [KERNEL32.DLL+0x17344]
C  [ntdll.dll+0x526b1]


---------------  P R O C E S S  ---------------

Threads class SMR info:
_java_thread_list=0x000001afefb43590, length=15, elements={
0x000001afca3a0940, 0x000001afe967b250, 0x000001afe967c0d0, 0x000001afe94d9460,
0x000001afe969e020, 0x000001afe96a09f0, 0x000001afe96a13b0, 0x000001afe96a2560,
0x000001afe96af480, 0x000001afe96b1e90, 0x000001afe9817520, 0x000001afe99a72a0,
0x000001afe99c3340, 0x000001afee7f8130, 0x000001afee3390c0
}

Java Threads: ( => current thread )
  0x000001afca3a0940 JavaThread "main" [_thread_blocked, id=15652, stack(0x00000080e8300000,0x00000080e8400000)]
  0x000001afe967b250 JavaThread "Reference Handler" daemon [_thread_blocked, id=26680, stack(0x00000080e8a00000,0x00000080e8b00000)]
  0x000001afe967c0d0 JavaThread "Finalizer" daemon [_thread_blocked, id=17528, stack(0x00000080e8b00000,0x00000080e8c00000)]
  0x000001afe94d9460 JavaThread "Signal Dispatcher" daemon [_thread_blocked, id=26644, stack(0x00000080e8c00000,0x00000080e8d00000)]
  0x000001afe969e020 JavaThread "Attach Listener" daemon [_thread_blocked, id=23124, stack(0x00000080e8d00000,0x00000080e8e00000)]
  0x000001afe96a09f0 JavaThread "Service Thread" daemon [_thread_blocked, id=25208, stack(0x00000080e8e00000,0x00000080e8f00000)]
  0x000001afe96a13b0 JavaThread "Monitor Deflation Thread" daemon [_thread_blocked, id=26968, stack(0x00000080e8f00000,0x00000080e9000000)]
=>0x000001afe96a2560 JavaThread "C2 CompilerThread0" daemon [_thread_in_native, id=6820, stack(0x00000080e9000000,0x00000080e9100000)]
  0x000001afe96af480 JavaThread "C1 CompilerThread0" daemon [_thread_blocked, id=19804, stack(0x00000080e9100000,0x00000080e9200000)]
  0x000001afe96b1e90 JavaThread "Sweeper thread" daemon [_thread_blocked, id=6740, stack(0x00000080e9200000,0x00000080e9300000)]
  0x000001afe9817520 JavaThread "Common-Cleaner" daemon [_thread_blocked, id=18260, stack(0x00000080e9300000,0x00000080e9400000)]
  0x000001afe99a72a0 JavaThread "Monitor Ctrl-Break" daemon [_thread_in_native, id=25668, stack(0x00000080e9400000,0x00000080e9500000)]
  0x000001afe99c3340 JavaThread "Notification Thread" daemon [_thread_blocked, id=25140, stack(0x00000080e9500000,0x00000080e9600000)]
  0x000001afee7f8130 JavaThread "C2 CompilerThread1" daemon [_thread_in_native, id=26640, stack(0x00000080e9700000,0x00000080e9800000)]
  0x000001afee3390c0 JavaThread "C2 CompilerThread2" daemon [_thread_blocked, id=25132, stack(0x00000080e9800000,0x00000080e9900000)]

Other Threads:
  0x000001afe9658e00 VMThread "VM Thread" [stack: 0x00000080e8900000,0x00000080e8a00000] [id=27084]
  0x000001afca3a1900 WatcherThread [stack: 0x00000080e9600000,0x00000080e9700000] [id=2856]
  0x000001afca40f200 GCTaskThread "GC Thread#0" [stack: 0x00000080e8400000,0x00000080e8500000] [id=15004]
  0x000001afeeb8e280 GCTaskThread "GC Thread#1" [stack: 0x00000080e9900000,0x00000080e9a00000] [id=23700]
  0x000001afeeb8e540 GCTaskThread "GC Thread#2" [stack: 0x00000080e9a00000,0x00000080e9b00000] [id=24676]
  0x000001afee443800 GCTaskThread "GC Thread#3" [stack: 0x00000080e9b00000,0x00000080e9c00000] [id=25448]
  0x000001afee443ac0 GCTaskThread "GC Thread#4" [stack: 0x00000080e9c00000,0x00000080e9d00000] [id=5476]
  0x000001afeeacb900 GCTaskThread "GC Thread#5" [stack: 0x00000080e9d00000,0x00000080e9e00000] [id=12944]
  0x000001afeeb1a480 GCTaskThread "GC Thread#6" [stack: 0x00000080e9e00000,0x00000080e9f00000] [id=27148]
  0x000001afeeb1a950 GCTaskThread "GC Thread#7" [stack: 0x00000080e9f00000,0x00000080ea000000] [id=27228]
  0x000001afeefd3020 GCTaskThread "GC Thread#8" [stack: 0x00000080ea000000,0x00000080ea100000] [id=27412]
  0x000001afeefd4700 GCTaskThread "GC Thread#9" [stack: 0x00000080ea100000,0x00000080ea200000] [id=27408]
  0x000001afca420020 ConcurrentGCThread "G1 Main Marker" [stack: 0x00000080e8500000,0x00000080e8600000] [id=18184]
  0x000001afca420a40 ConcurrentGCThread "G1 Conc#0" [stack: 0x00000080e8600000,0x00000080e8700000] [id=25836]
  0x000001afef1383d0 ConcurrentGCThread "G1 Conc#1" [stack: 0x00000080ea200000,0x00000080ea300000] [id=27508]
  0x000001afeefae360 ConcurrentGCThread "G1 Conc#2" [stack: 0x00000080ea300000,0x00000080ea400000] [id=27504]
  0x000001afca45ec50 ConcurrentGCThread "G1 Refine#0" [stack: 0x00000080e8700000,0x00000080e8800000] [id=26508]
  0x000001afe9384cd0 ConcurrentGCThread "G1 Service" [stack: 0x00000080e8800000,0x00000080e8900000] [id=10068]

Threads with active compile tasks:
C2 CompilerThread0     2015 4203   !   4       com.google.inject.spi.InjectionPoint::getInjectionPoints (491 bytes)
C2 CompilerThread1     2015 4292       4       java.util.HashMap::putVal (300 bytes)

VM state: not at safepoint (normal execution)

VM Mutex/Monitor currently owned by a thread: None

Heap address: 0x0000000701200000, size: 4078 MB, Compressed Oops mode: Zero based, Oop shift amount: 3

CDS archive(s) not mapped
Compressed class space mapped at: 0x0000000800000000-0x0000000840000000, reserved size: 1073741824
Narrow klass base: 0x0000000800000000, Narrow klass shift: 0, Narrow klass range: 0x40000000

GC Precious Log:
 CPUs: 12 total, 12 available
 Memory: 16307M
 Large Page Support: Disabled
 NUMA Support: Disabled
 Compressed Oops: Enabled (Zero based)
 Heap Region Size: 2M
 Heap Min Capacity: 8M
 Heap Initial Capacity: 256M
 Heap Max Capacity: 4078M
 Pre-touch: Disabled
 Parallel Workers: 10
 Concurrent Workers: 3
 Concurrent Refinement Workers: 10
 Periodic GC: Disabled

Heap:
 garbage-first heap   total 149504K, used 70707K [0x0000000701200000, 0x0000000800000000)
  region size 2048K, 32 young (65536K), 1 survivors (2048K)
 Metaspace       used 28885K, committed 29184K, reserved 1114112K
  class space    used 3241K, committed 3392K, reserved 1048576K

Heap Regions: E=young(eden), S=young(survivor), O=old, HS=humongous(starts), HC=humongous(continues), CS=collection set, F=free, OA=open archive, CA=closed archive, TAMS=top-at-mark-start (previous, next)
|   0|0x0000000701200000, 0x0000000701400000, 0x0000000701400000|100%| O|  |TAMS 0x0000000701400000, 0x0000000701200000| Untracked 
|   1|0x0000000701400000, 0x0000000701400000, 0x0000000701600000|  0%| F|  |TAMS 0x0000000701400000, 0x0000000701400000| Untracked 
|   2|0x0000000701600000, 0x0000000701800000, 0x0000000701800000|100%| O|  |TAMS 0x0000000701600000, 0x0000000701600000| Untracked 
|   3|0x0000000701800000, 0x0000000701800000, 0x0000000701a00000|  0%| F|  |TAMS 0x0000000701800000, 0x0000000701800000| Untracked 
|   4|0x0000000701a00000, 0x0000000701a00000, 0x0000000701c00000|  0%| F|  |TAMS 0x0000000701a00000, 0x0000000701a00000| Untracked 
|   5|0x0000000701c00000, 0x0000000701c00000, 0x0000000701e00000|  0%| F|  |TAMS 0x0000000701c00000, 0x0000000701c00000| Untracked 
|   6|0x0000000701e00000, 0x0000000702000000, 0x0000000702000000|100%| O|  |TAMS 0x0000000701e00000, 0x0000000701e00000| Untracked 
|   7|0x0000000702000000, 0x0000000702200000, 0x0000000702200000|100%| O|  |TAMS 0x0000000702000000, 0x0000000702000000| Untracked 
|   8|0x0000000702200000, 0x000000070224e600, 0x0000000702400000| 15%| O|  |TAMS 0x0000000702200000, 0x0000000702200000| Untracked 
|   9|0x0000000702400000, 0x00000007024be7d8, 0x0000000702600000| 37%| S|CS|TAMS 0x0000000702400000, 0x0000000702400000| Complete 
|  10|0x0000000702600000, 0x0000000702600000, 0x0000000702800000|  0%| F|  |TAMS 0x0000000702600000, 0x0000000702600000| Untracked 
|  11|0x0000000702800000, 0x0000000702800000, 0x0000000702a00000|  0%| F|  |TAMS 0x0000000702800000, 0x0000000702800000| Untracked 
|  12|0x0000000702a00000, 0x0000000702a00000, 0x0000000702c00000|  0%| F|  |TAMS 0x0000000702a00000, 0x0000000702a00000| Untracked 
|  13|0x0000000702c00000, 0x0000000702c00000, 0x0000000702e00000|  0%| F|  |TAMS 0x0000000702c00000, 0x0000000702c00000| Untracked 
|  14|0x0000000702e00000, 0x0000000702e00000, 0x0000000703000000|  0%| F|  |TAMS 0x0000000702e00000, 0x0000000702e00000| Untracked 
|  15|0x0000000703000000, 0x0000000703000000, 0x0000000703200000|  0%| F|  |TAMS 0x0000000703000000, 0x0000000703000000| Untracked 
|  16|0x0000000703200000, 0x0000000703200000, 0x0000000703400000|  0%| F|  |TAMS 0x0000000703200000, 0x0000000703200000| Untracked 
|  17|0x0000000703400000, 0x0000000703400000, 0x0000000703600000|  0%| F|  |TAMS 0x0000000703400000, 0x0000000703400000| Untracked 
|  18|0x0000000703600000, 0x0000000703600000, 0x0000000703800000|  0%| F|  |TAMS 0x0000000703600000, 0x0000000703600000| Untracked 
|  19|0x0000000703800000, 0x0000000703800000, 0x0000000703a00000|  0%| F|  |TAMS 0x0000000703800000, 0x0000000703800000| Untracked 
|  20|0x0000000703a00000, 0x0000000703a00000, 0x0000000703c00000|  0%| F|  |TAMS 0x0000000703a00000, 0x0000000703a00000| Untracked 
|  21|0x0000000703c00000, 0x0000000703c00000, 0x0000000703e00000|  0%| F|  |TAMS 0x0000000703c00000, 0x0000000703c00000| Untracked 
|  22|0x0000000703e00000, 0x0000000703e00000, 0x0000000704000000|  0%| F|  |TAMS 0x0000000703e00000, 0x0000000703e00000| Untracked 
|  23|0x0000000704000000, 0x0000000704000000, 0x0000000704200000|  0%| F|  |TAMS 0x0000000704000000, 0x0000000704000000| Untracked 
|  24|0x0000000704200000, 0x0000000704200000, 0x0000000704400000|  0%| F|  |TAMS 0x0000000704200000, 0x0000000704200000| Untracked 
|  25|0x0000000704400000, 0x0000000704400000, 0x0000000704600000|  0%| F|  |TAMS 0x0000000704400000, 0x0000000704400000| Untracked 
|  26|0x0000000704600000, 0x0000000704600000, 0x0000000704800000|  0%| F|  |TAMS 0x0000000704600000, 0x0000000704600000| Untracked 
|  27|0x0000000704800000, 0x0000000704800000, 0x0000000704a00000|  0%| F|  |TAMS 0x0000000704800000, 0x0000000704800000| Untracked 
|  28|0x0000000704a00000, 0x0000000704a00000, 0x0000000704c00000|  0%| F|  |TAMS 0x0000000704a00000, 0x0000000704a00000| Untracked 
|  29|0x0000000704c00000, 0x0000000704c00000, 0x0000000704e00000|  0%| F|  |TAMS 0x0000000704c00000, 0x0000000704c00000| Untracked 
|  30|0x0000000704e00000, 0x0000000704e00000, 0x0000000705000000|  0%| F|  |TAMS 0x0000000704e00000, 0x0000000704e00000| Untracked 
|  31|0x0000000705000000, 0x0000000705000000, 0x0000000705200000|  0%| F|  |TAMS 0x0000000705000000, 0x0000000705000000| Untracked 
|  32|0x0000000705200000, 0x0000000705200000, 0x0000000705400000|  0%| F|  |TAMS 0x0000000705200000, 0x0000000705200000| Untracked 
|  33|0x0000000705400000, 0x0000000705400000, 0x0000000705600000|  0%| F|  |TAMS 0x0000000705400000, 0x0000000705400000| Untracked 
|  34|0x0000000705600000, 0x0000000705600000, 0x0000000705800000|  0%| F|  |TAMS 0x0000000705600000, 0x0000000705600000| Untracked 
|  35|0x0000000705800000, 0x0000000705800000, 0x0000000705a00000|  0%| F|  |TAMS 0x0000000705800000, 0x0000000705800000| Untracked 
|  36|0x0000000705a00000, 0x0000000705a00000, 0x0000000705c00000|  0%| F|  |TAMS 0x0000000705a00000, 0x0000000705a00000| Untracked 
|  37|0x0000000705c00000, 0x0000000705c00000, 0x0000000705e00000|  0%| F|  |TAMS 0x0000000705c00000, 0x0000000705c00000| Untracked 
|  38|0x0000000705e00000, 0x0000000705e00000, 0x0000000706000000|  0%| F|  |TAMS 0x0000000705e00000, 0x0000000705e00000| Untracked 
|  39|0x0000000706000000, 0x0000000706000000, 0x0000000706200000|  0%| F|  |TAMS 0x0000000706000000, 0x0000000706000000| Untracked 
|  40|0x0000000706200000, 0x0000000706200000, 0x0000000706400000|  0%| F|  |TAMS 0x0000000706200000, 0x0000000706200000| Untracked 
|  41|0x0000000706400000, 0x0000000706400000, 0x0000000706600000|  0%| F|  |TAMS 0x0000000706400000, 0x0000000706400000| Untracked 
|  42|0x0000000706600000, 0x00000007067d78d8, 0x0000000706800000| 92%| E|  |TAMS 0x0000000706600000, 0x0000000706600000| Complete 
|  43|0x0000000706800000, 0x0000000706a00000, 0x0000000706a00000|100%| E|CS|TAMS 0x0000000706800000, 0x0000000706800000| Complete 
|  44|0x0000000706a00000, 0x0000000706c00000, 0x0000000706c00000|100%| E|CS|TAMS 0x0000000706a00000, 0x0000000706a00000| Complete 
|  45|0x0000000706c00000, 0x0000000706e00000, 0x0000000706e00000|100%| E|CS|TAMS 0x0000000706c00000, 0x0000000706c00000| Complete 
|  46|0x0000000706e00000, 0x0000000707000000, 0x0000000707000000|100%| E|CS|TAMS 0x0000000706e00000, 0x0000000706e00000| Complete 
|  47|0x0000000707000000, 0x0000000707200000, 0x0000000707200000|100%| E|CS|TAMS 0x0000000707000000, 0x0000000707000000| Complete 
|  48|0x0000000707200000, 0x0000000707400000, 0x0000000707400000|100%| E|CS|TAMS 0x0000000707200000, 0x0000000707200000| Complete 
|  49|0x0000000707400000, 0x0000000707600000, 0x0000000707600000|100%| E|CS|TAMS 0x0000000707400000, 0x0000000707400000| Complete 
|  50|0x0000000707600000, 0x0000000707800000, 0x0000000707800000|100%| E|CS|TAMS 0x0000000707600000, 0x0000000707600000| Complete 
|  51|0x0000000707800000, 0x0000000707a00000, 0x0000000707a00000|100%| E|CS|TAMS 0x0000000707800000, 0x0000000707800000| Complete 
|  52|0x0000000707a00000, 0x0000000707c00000, 0x0000000707c00000|100%| E|CS|TAMS 0x0000000707a00000, 0x0000000707a00000| Complete 
|  53|0x0000000707c00000, 0x0000000707e00000, 0x0000000707e00000|100%| E|CS|TAMS 0x0000000707c00000, 0x0000000707c00000| Complete 
|  54|0x0000000707e00000, 0x0000000708000000, 0x0000000708000000|100%| E|CS|TAMS 0x0000000707e00000, 0x0000000707e00000| Complete 
|  55|0x0000000708000000, 0x0000000708200000, 0x0000000708200000|100%| E|CS|TAMS 0x0000000708000000, 0x0000000708000000| Complete 
|  56|0x0000000708200000, 0x0000000708400000, 0x0000000708400000|100%| E|CS|TAMS 0x0000000708200000, 0x0000000708200000| Complete 
|  57|0x0000000708400000, 0x0000000708600000, 0x0000000708600000|100%| E|CS|TAMS 0x0000000708400000, 0x0000000708400000| Complete 
|  58|0x0000000708600000, 0x0000000708800000, 0x0000000708800000|100%| E|CS|TAMS 0x0000000708600000, 0x0000000708600000| Complete 
|  59|0x0000000708800000, 0x0000000708a00000, 0x0000000708a00000|100%| E|CS|TAMS 0x0000000708800000, 0x0000000708800000| Complete 
|  60|0x0000000708a00000, 0x0000000708c00000, 0x0000000708c00000|100%| E|CS|TAMS 0x0000000708a00000, 0x0000000708a00000| Complete 
|  61|0x0000000708c00000, 0x0000000708e00000, 0x0000000708e00000|100%| E|CS|TAMS 0x0000000708c00000, 0x0000000708c00000| Complete 
|  62|0x0000000708e00000, 0x0000000709000000, 0x0000000709000000|100%| E|CS|TAMS 0x0000000708e00000, 0x0000000708e00000| Complete 
|  63|0x0000000709000000, 0x0000000709200000, 0x0000000709200000|100%| E|CS|TAMS 0x0000000709000000, 0x0000000709000000| Complete 
|  64|0x0000000709200000, 0x0000000709400000, 0x0000000709400000|100%| E|CS|TAMS 0x0000000709200000, 0x0000000709200000| Complete 
|  65|0x0000000709400000, 0x0000000709600000, 0x0000000709600000|100%| E|CS|TAMS 0x0000000709400000, 0x0000000709400000| Complete 
|  66|0x0000000709600000, 0x0000000709800000, 0x0000000709800000|100%| E|CS|TAMS 0x0000000709600000, 0x0000000709600000| Complete 
|  67|0x0000000709800000, 0x0000000709a00000, 0x0000000709a00000|100%| E|CS|TAMS 0x0000000709800000, 0x0000000709800000| Complete 
|  68|0x0000000709a00000, 0x0000000709c00000, 0x0000000709c00000|100%| E|CS|TAMS 0x0000000709a00000, 0x0000000709a00000| Complete 
|  69|0x0000000709c00000, 0x0000000709e00000, 0x0000000709e00000|100%| E|CS|TAMS 0x0000000709c00000, 0x0000000709c00000| Complete 
| 119|0x0000000710000000, 0x0000000710200000, 0x0000000710200000|100%| E|CS|TAMS 0x0000000710000000, 0x0000000710000000| Complete 
| 120|0x0000000710200000, 0x0000000710400000, 0x0000000710400000|100%| E|CS|TAMS 0x0000000710200000, 0x0000000710200000| Complete 
| 127|0x0000000711000000, 0x0000000711200000, 0x0000000711200000|100%| E|CS|TAMS 0x0000000711000000, 0x0000000711000000| Complete 

Card table byte_map: [0x000001afdd8c0000,0x000001afde0c0000] _byte_map_base: 0x000001afda0b7000

Marking Bits (Prev, Next): (CMBitMap*) 0x000001afca40f860, (CMBitMap*) 0x000001afca40f820
 Prev Bits: [0x000001afe2880000, 0x000001afe6838000)
 Next Bits: [0x000001afde8c0000, 0x000001afe2878000)

Polling page: 0x000001afc8150000

Metaspace:

Usage:
  Non-class:     25.04 MB used.
      Class:      3.17 MB used.
       Both:     28.21 MB used.

Virtual space:
  Non-class space:       64.00 MB reserved,      25.19 MB ( 39%) committed,  1 nodes.
      Class space:        1.00 GB reserved,       3.31 MB ( <1%) committed,  1 nodes.
             Both:        1.06 GB reserved,      28.50 MB (  3%) committed. 

Chunk freelists:
   Non-Class:  6.56 MB
       Class:  12.60 MB
        Both:  19.17 MB

MaxMetaspaceSize: unlimited
CompressedClassSpaceSize: 1.00 GB
Initial GC threshold: 21.00 MB
Current GC threshold: 35.12 MB
CDS: off
MetaspaceReclaimPolicy: balanced
 - commit_granule_bytes: 65536.
 - commit_granule_words: 8192.
 - virtual_space_node_default_size: 8388608.
 - enlarge_chunks_in_place: 1.
 - new_chunks_are_fully_committed: 0.
 - uncommit_free_chunks: 1.
 - use_allocation_guard: 0.
 - handle_deallocations: 1.


Internal statistics:

num_allocs_failed_limit: 3.
num_arena_births: 128.
num_arena_deaths: 0.
num_vsnodes_births: 2.
num_vsnodes_deaths: 0.
num_space_committed: 456.
num_space_uncommitted: 0.
num_chunks_returned_to_freelist: 3.
num_chunks_taken_from_freelist: 871.
num_chunk_merges: 3.
num_chunk_splits: 584.
num_chunks_enlarged: 432.
num_inconsistent_stats: 0.

CodeHeap 'non-profiled nmethods': size=120000Kb used=2222Kb max_used=2222Kb free=117777Kb
 bounds [0x000001afd5640000, 0x000001afd58b0000, 0x000001afdcb70000]
CodeHeap 'profiled nmethods': size=120000Kb used=8865Kb max_used=8865Kb free=111135Kb
 bounds [0x000001afcdb70000, 0x000001afce420000, 0x000001afd50a0000]
CodeHeap 'non-nmethods': size=5760Kb used=1193Kb max_used=1240Kb free=4566Kb
 bounds [0x000001afd50a0000, 0x000001afd5310000, 0x000001afd5640000]
 total_blobs=4814 nmethods=4325 adapters=401
 compilation: enabled
              stopped_count=0, restarted_count=0
 full_count=0

Compilation events (20 events):
Event: 1.819 Thread 0x000001afe96af480 4289   !   3       java.util.jar.JarFile::getManifestFromReference (197 bytes)
Event: 1.820 Thread 0x000001afe96af480 nmethod 4289 0x000001afce405390 code [0x000001afce4056a0, 0x000001afce406b78]
Event: 1.820 Thread 0x000001afe96af480 4290       3       java.io.OutputStream::<init> (5 bytes)
Event: 1.820 Thread 0x000001afe96af480 nmethod 4290 0x000001afce407290 code [0x000001afce407420, 0x000001afce407598]
Event: 1.821 Thread 0x000001afe96af480 4291       1       java.lang.invoke.MethodHandle::internalForm (5 bytes)
Event: 1.821 Thread 0x000001afe96af480 nmethod 4291 0x000001afd584d810 code [0x000001afd584d9a0, 0x000001afd584da78]
Event: 1.824 Thread 0x000001afe96af480 4293       3       java.lang.ProcessEnvironment$CheckedEntry::getKey (5 bytes)
Event: 1.825 Thread 0x000001afe96af480 nmethod 4293 0x000001afce407690 code [0x000001afce407840, 0x000001afce407b68]
Event: 1.825 Thread 0x000001afe96af480 4294       3       java.lang.ProcessEnvironment$CheckedEntry::getKey (13 bytes)
Event: 1.825 Thread 0x000001afe96af480 nmethod 4294 0x000001afce407c90 code [0x000001afce407e40, 0x000001afce408108]
Event: 1.829 Thread 0x000001afe96af480 4295       3       java.lang.invoke.MemberName::isMethod (8 bytes)
Event: 1.829 Thread 0x000001afe96af480 nmethod 4295 0x000001afce408210 code [0x000001afce4083c0, 0x000001afce4085f8]
Event: 1.831 Thread 0x000001afe96af480 4300       1       java.lang.invoke.MethodHandleImpl$IntrinsicMethodHandle::getTarget (5 bytes)
Event: 1.831 Thread 0x000001afe96af480 nmethod 4300 0x000001afd584e710 code [0x000001afd584e8a0, 0x000001afd584e978]
Event: 1.832 Thread 0x000001afe96af480 4302       3       java.lang.invoke.LambdaForm$NamedFunction::methodType (23 bytes)
Event: 1.832 Thread 0x000001afe96af480 nmethod 4302 0x000001afce408710 code [0x000001afce4088c0, 0x000001afce408b28]
Event: 1.833 Thread 0x000001afe96af480 4306       3       jdk.internal.misc.Unsafe::ensureClassInitialized (18 bytes)
Event: 1.833 Thread 0x000001afe96af480 nmethod 4306 0x000001afce408c10 code [0x000001afce408dc0, 0x000001afce408ff8]
Event: 1.897 Thread 0x000001afee7f8130 nmethod 4154 0x000001afd584fa10 code [0x000001afd5850200, 0x000001afd5856f88]
Event: 1.897 Thread 0x000001afee7f8130 4292       4       java.util.HashMap::putVal (300 bytes)

GC Heap History (12 events):
Event: 0.480 GC heap before
{Heap before GC invocations=0 (full 0):
 garbage-first heap   total 262144K, used 22528K [0x0000000701200000, 0x0000000800000000)
  region size 2048K, 11 young (22528K), 0 survivors (0K)
 Metaspace       used 14544K, committed 14720K, reserved 1114112K
  class space    used 1504K, committed 1600K, reserved 1048576K
}
Event: 0.483 GC heap after
{Heap after GC invocations=1 (full 0):
 garbage-first heap   total 262144K, used 3938K [0x0000000701200000, 0x0000000800000000)
  region size 2048K, 2 young (4096K), 2 survivors (4096K)
 Metaspace       used 14544K, committed 14720K, reserved 1114112K
  class space    used 1504K, committed 1600K, reserved 1048576K
}
Event: 0.811 GC heap before
{Heap before GC invocations=1 (full 0):
 garbage-first heap   total 262144K, used 36706K [0x0000000701200000, 0x0000000800000000)
  region size 2048K, 18 young (36864K), 2 survivors (4096K)
 Metaspace       used 18958K, committed 19136K, reserved 1114112K
  class space    used 2081K, committed 2176K, reserved 1048576K
}
Event: 0.814 GC heap after
{Heap after GC invocations=2 (full 0):
 garbage-first heap   total 262144K, used 5801K [0x0000000701200000, 0x0000000800000000)
  region size 2048K, 1 young (2048K), 1 survivors (2048K)
 Metaspace       used 18958K, committed 19136K, reserved 1114112K
  class space    used 2081K, committed 2176K, reserved 1048576K
}
Event: 1.002 GC heap before
{Heap before GC invocations=2 (full 0):
 garbage-first heap   total 262144K, used 18089K [0x0000000701200000, 0x0000000800000000)
  region size 2048K, 8 young (16384K), 1 survivors (2048K)
 Metaspace       used 21384K, committed 21504K, reserved 1114112K
  class space    used 2429K, committed 2496K, reserved 1048576K
}
Event: 1.004 GC heap after
{Heap after GC invocations=3 (full 0):
 garbage-first heap   total 262144K, used 6762K [0x0000000701200000, 0x0000000800000000)
  region size 2048K, 2 young (4096K), 2 survivors (4096K)
 Metaspace       used 21384K, committed 21504K, reserved 1114112K
  class space    used 2429K, committed 2496K, reserved 1048576K
}
Event: 1.242 GC heap before
{Heap before GC invocations=4 (full 0):
 garbage-first heap   total 34816K, used 23146K [0x0000000701200000, 0x0000000800000000)
  region size 2048K, 11 young (22528K), 2 survivors (4096K)
 Metaspace       used 24854K, committed 25024K, reserved 1114112K
  class space    used 2793K, committed 2880K, reserved 1048576K
}
Event: 1.245 GC heap after
{Heap after GC invocations=5 (full 0):
 garbage-first heap   total 34816K, used 8688K [0x0000000701200000, 0x0000000800000000)
  region size 2048K, 3 young (6144K), 3 survivors (6144K)
 Metaspace       used 24854K, committed 25024K, reserved 1114112K
  class space    used 2793K, committed 2880K, reserved 1048576K
}
Event: 1.265 GC heap before
{Heap before GC invocations=5 (full 0):
 garbage-first heap   total 34816K, used 8688K [0x0000000701200000, 0x0000000800000000)
  region size 2048K, 4 young (8192K), 3 survivors (6144K)
 Metaspace       used 24929K, committed 25152K, reserved 1114112K
  class space    used 2798K, committed 2880K, reserved 1048576K
}
Event: 1.269 GC heap after
{Heap after GC invocations=6 (full 0):
 garbage-first heap   total 34816K, used 9335K [0x0000000701200000, 0x0000000800000000)
  region size 2048K, 1 young (2048K), 1 survivors (2048K)
 Metaspace       used 24929K, committed 25152K, reserved 1114112K
  class space    used 2798K, committed 2880K, reserved 1048576K
}
Event: 1.382 GC heap before
{Heap before GC invocations=6 (full 0):
 garbage-first heap   total 34816K, used 21623K [0x0000000701200000, 0x0000000800000000)
  region size 2048K, 7 young (14336K), 1 survivors (2048K)
 Metaspace       used 25757K, committed 25984K, reserved 1114112K
  class space    used 2905K, committed 3008K, reserved 1048576K
}
Event: 1.384 GC heap after
{Heap after GC invocations=7 (full 0):
 garbage-first heap   total 149504K, used 9267K [0x0000000701200000, 0x0000000800000000)
  region size 2048K, 1 young (2048K), 1 survivors (2048K)
 Metaspace       used 25757K, committed 25984K, reserved 1114112K
  class space    used 2905K, committed 3008K, reserved 1048576K
}

Dll operation events (4 events):
Event: 0.004 Loaded shared library C:\Users\Mega-Pc\.jdks\jbrsdk-17.0.9\bin\java.dll
Event: 0.023 Loaded shared library C:\Users\Mega-Pc\.jdks\jbrsdk-17.0.9\bin\jsvml.dll
Event: 0.088 Loaded shared library C:\Users\Mega-Pc\.jdks\jbrsdk-17.0.9\bin\zip.dll
Event: 0.216 Loaded shared library C:\Users\Mega-Pc\.jdks\jbrsdk-17.0.9\bin\verify.dll

Deoptimization events (20 events):
Event: 1.813 Thread 0x000001afca3a0940 Uncommon trap: trap_request=0xffffff45 fr.pc=0x000001afd56d44d8 relative=0x0000000000000058
Event: 1.813 Thread 0x000001afca3a0940 Uncommon trap: reason=unstable_if action=reinterpret pc=0x000001afd56d44d8 method=jdk.internal.module.ModuleReferenceImpl.hashCode()I @ 6 c2
Event: 1.813 Thread 0x000001afca3a0940 DEOPT PACKING pc=0x000001afd56d44d8 sp=0x00000080e83fd540
Event: 1.813 Thread 0x000001afca3a0940 DEOPT UNPACKING pc=0x000001afd50f69a3 sp=0x00000080e83fd4d0 mode 2
Event: 1.824 Thread 0x000001afca3a0940 Uncommon trap: trap_request=0xffffffc6 fr.pc=0x000001afd576d6e8 relative=0x00000000000014a8
Event: 1.824 Thread 0x000001afca3a0940 Uncommon trap: reason=bimorphic_or_optimized_type_check action=maybe_recompile pc=0x000001afd576d6e8 method=java.util.HashMap.putVal(ILjava/lang/Object;Ljava/lang/Object;ZZ)Ljava/lang/Object; @ 56 c2
Event: 1.824 Thread 0x000001afca3a0940 DEOPT PACKING pc=0x000001afd576d6e8 sp=0x00000080e83fd6f0
Event: 1.824 Thread 0x000001afca3a0940 DEOPT UNPACKING pc=0x000001afd50f69a3 sp=0x00000080e83fd678 mode 2
Event: 1.824 Thread 0x000001afca3a0940 Uncommon trap: trap_request=0xffffffc6 fr.pc=0x000001afd576d7c8 relative=0x0000000000001588
Event: 1.824 Thread 0x000001afca3a0940 Uncommon trap: reason=bimorphic_or_optimized_type_check action=maybe_recompile pc=0x000001afd576d7c8 method=java.util.HashMap.putVal(ILjava/lang/Object;Ljava/lang/Object;ZZ)Ljava/lang/Object; @ 152 c2
Event: 1.824 Thread 0x000001afca3a0940 DEOPT PACKING pc=0x000001afd576d7c8 sp=0x00000080e83fd6f0
Event: 1.824 Thread 0x000001afca3a0940 DEOPT UNPACKING pc=0x000001afd50f69a3 sp=0x00000080e83fd680 mode 2
Event: 1.824 Thread 0x000001afca3a0940 Uncommon trap: trap_request=0xffffffc6 fr.pc=0x000001afd576d6e8 relative=0x00000000000014a8
Event: 1.824 Thread 0x000001afca3a0940 Uncommon trap: reason=bimorphic_or_optimized_type_check action=maybe_recompile pc=0x000001afd576d6e8 method=java.util.HashMap.putVal(ILjava/lang/Object;Ljava/lang/Object;ZZ)Ljava/lang/Object; @ 56 c2
Event: 1.824 Thread 0x000001afca3a0940 DEOPT PACKING pc=0x000001afd576d6e8 sp=0x00000080e83fd6f0
Event: 1.824 Thread 0x000001afca3a0940 DEOPT UNPACKING pc=0x000001afd50f69a3 sp=0x00000080e83fd678 mode 2
Event: 1.824 Thread 0x000001afca3a0940 Uncommon trap: trap_request=0xffffffc6 fr.pc=0x000001afd576d6e8 relative=0x00000000000014a8
Event: 1.824 Thread 0x000001afca3a0940 Uncommon trap: reason=bimorphic_or_optimized_type_check action=maybe_recompile pc=0x000001afd576d6e8 method=java.util.HashMap.putVal(ILjava/lang/Object;Ljava/lang/Object;ZZ)Ljava/lang/Object; @ 56 c2
Event: 1.824 Thread 0x000001afca3a0940 DEOPT PACKING pc=0x000001afd576d6e8 sp=0x00000080e83fd6f0
Event: 1.824 Thread 0x000001afca3a0940 DEOPT UNPACKING pc=0x000001afd50f69a3 sp=0x00000080e83fd678 mode 2

Classes unloaded (0 events):
No events

Classes redefined (0 events):
No events

Internal exceptions (20 events):
Event: 1.231 Thread 0x000001afca3a0940 Implicit null exception at 0x000001afd5671058 to 0x000001afd56710ee
Event: 1.291 Thread 0x000001afca3a0940 Exception <a 'java/lang/NoSuchMethodError'{0x00000007111ffc58}: 'java.lang.Object java.lang.invoke.DirectMethodHandle$Holder.newInvokeSpecial(java.lang.Object, java.lang.Object, java.lang.Object, java.lang.Object, java.lang.Object, java.lang.Object, java.lang.Object)'> (0x00000007111ffc58) 
thrown [s\src\hotspot\share\interpreter\linkResolver.cpp, line 771]
Event: 1.291 Thread 0x000001afca3a0940 Exception <a 'java/lang/NoSuchMethodError'{0x0000000710004d78}: 'java.lang.Object java.lang.invoke.Invokers$Holder.linkToTargetMethod(java.lang.Object, java.lang.Object, java.lang.Object, java.lang.Object, java.lang.Object, java.lang.Object, java.lang.Object)'> (0x0000000710004d78) 
thrown [s\src\hotspot\share\interpreter\linkResolver.cpp, line 771]
Event: 1.373 Thread 0x000001afca3a0940 Exception <a 'java/lang/NoSuchMethodError'{0x0000000702734c20}: 'java.lang.Object java.lang.invoke.DirectMethodHandle$Holder.invokeVirtual(java.lang.Object, java.lang.Object, java.lang.Object)'> (0x0000000702734c20) 
thrown [s\src\hotspot\share\interpreter\linkResolver.cpp, line 771]
Event: 1.374 Thread 0x000001afca3a0940 Exception <a 'java/lang/NoSuchMethodError'{0x000000070273c218}: 'void java.lang.invoke.DirectMethodHandle$Holder.invokeSpecial(java.lang.Object, java.lang.Object, java.lang.Object, java.lang.Object, java.lang.Object, java.lang.Object)'> (0x000000070273c218) 
thrown [s\src\hotspot\share\interpreter\linkResolver.cpp, line 771]
Event: 1.374 Thread 0x000001afca3a0940 Exception <a 'java/lang/NoSuchMethodError'{0x0000000702747830}: 'int java.lang.invoke.DirectMethodHandle$Holder.invokeVirtual(java.lang.Object, java.lang.Object)'> (0x0000000702747830) 
thrown [s\src\hotspot\share\interpreter\linkResolver.cpp, line 771]
Event: 1.795 Thread 0x000001afca3a0940 Exception <a 'sun/nio/fs/WindowsException'{0x0000000706df6830}> (0x0000000706df6830) 
thrown [s\src\hotspot\share\prims\jni.cpp, line 517]
Event: 1.796 Thread 0x000001afca3a0940 Exception <a 'sun/nio/fs/WindowsException'{0x0000000706df6c68}> (0x0000000706df6c68) 
thrown [s\src\hotspot\share\prims\jni.cpp, line 517]
Event: 1.796 Thread 0x000001afca3a0940 Exception <a 'sun/nio/fs/WindowsException'{0x0000000706df7a18}> (0x0000000706df7a18) 
thrown [s\src\hotspot\share\prims\jni.cpp, line 517]
Event: 1.796 Thread 0x000001afca3a0940 Exception <a 'sun/nio/fs/WindowsException'{0x0000000706df7ca8}> (0x0000000706df7ca8) 
thrown [s\src\hotspot\share\prims\jni.cpp, line 517]
Event: 1.799 Thread 0x000001afca3a0940 Exception <a 'sun/nio/fs/WindowsException'{0x0000000706a17d20}> (0x0000000706a17d20) 
thrown [s\src\hotspot\share\prims\jni.cpp, line 517]
Event: 1.799 Thread 0x000001afca3a0940 Exception <a 'sun/nio/fs/WindowsException'{0x0000000706a18050}> (0x0000000706a18050) 
thrown [s\src\hotspot\share\prims\jni.cpp, line 517]
Event: 1.800 Thread 0x000001afca3a0940 Exception <a 'sun/nio/fs/WindowsException'{0x0000000706a1da88}> (0x0000000706a1da88) 
thrown [s\src\hotspot\share\prims\jni.cpp, line 517]
Event: 1.800 Thread 0x000001afca3a0940 Exception <a 'sun/nio/fs/WindowsException'{0x0000000706a1ddb8}> (0x0000000706a1ddb8) 
thrown [s\src\hotspot\share\prims\jni.cpp, line 517]
Event: 1.801 Thread 0x000001afca3a0940 Exception <a 'sun/nio/fs/WindowsException'{0x0000000706a20198}> (0x0000000706a20198) 
thrown [s\src\hotspot\share\prims\jni.cpp, line 517]
Event: 1.829 Thread 0x000001afca3a0940 Exception <a 'java/lang/NoSuchMethodError'{0x00000007068f5300}: 'void java.lang.invoke.DirectMethodHandle$Holder.invokeStatic(java.lang.Object, long)'> (0x00000007068f5300) 
thrown [s\src\hotspot\share\interpreter\linkResolver.cpp, line 771]
Event: 1.830 Thread 0x000001afca3a0940 Exception <a 'java/lang/NoSuchMethodError'{0x00000007068fdff8}: 'java.lang.Object java.lang.invoke.DirectMethodHandle$Holder.newInvokeSpecial(java.lang.Object, long)'> (0x00000007068fdff8) 
thrown [s\src\hotspot\share\interpreter\linkResolver.cpp, line 771]
Event: 1.832 Thread 0x000001afca3a0940 Exception <a 'java/lang/NoSuchMethodError'{0x00000007069091b8}: 'java.lang.Object java.lang.invoke.DirectMethodHandle$Holder.invokeStaticInit(java.lang.Object, java.lang.Object, long, java.lang.Object)'> (0x00000007069091b8) 
thrown [s\src\hotspot\share\interpreter\linkResolver.cpp, line 771]
Event: 1.832 Thread 0x000001afca3a0940 Exception <a 'java/lang/NoSuchMethodError'{0x000000070690f888}: 'java.lang.Object java.lang.invoke.DirectMethodHandle$Holder.newInvokeSpecial(java.lang.Object, java.lang.Object, long)'> (0x000000070690f888) 
thrown [s\src\hotspot\share\interpreter\linkResolver.cpp, line 771]
Event: 1.833 Thread 0x000001afca3a0940 Exception <a 'java/lang/NoSuchMethodError'{0x0000000706913e20}: 'java.lang.Object java.lang.invoke.Invokers$Holder.linkToTargetMethod(java.lang.Object, long, java.lang.Object)'> (0x0000000706913e20) 
thrown [s\src\hotspot\share\interpreter\linkResolver.cpp, line 771]

VM Operations (20 events):
Event: 1.265 Executing VM operation: G1CollectForAllocation
Event: 1.269 Executing VM operation: G1CollectForAllocation done
Event: 1.367 Executing VM operation: ICBufferFull
Event: 1.367 Executing VM operation: ICBufferFull done
Event: 1.382 Executing VM operation: G1CollectForAllocation
Event: 1.384 Executing VM operation: G1CollectForAllocation done
Event: 1.392 Executing VM operation: HandshakeAllThreads
Event: 1.393 Executing VM operation: HandshakeAllThreads done
Event: 1.557 Executing VM operation: ICBufferFull
Event: 1.558 Executing VM operation: ICBufferFull done
Event: 1.754 Executing VM operation: HandshakeAllThreads
Event: 1.754 Executing VM operation: HandshakeAllThreads done
Event: 1.782 Executing VM operation: ICBufferFull
Event: 1.782 Executing VM operation: ICBufferFull done
Event: 1.798 Executing VM operation: HandshakeAllThreads
Event: 1.798 Executing VM operation: HandshakeAllThreads done
Event: 1.801 Executing VM operation: HandshakeAllThreads
Event: 1.801 Executing VM operation: HandshakeAllThreads done
Event: 1.834 Executing VM operation: HandshakeAllThreads
Event: 1.834 Executing VM operation: HandshakeAllThreads done

Events (20 events):
Event: 1.833 loading class java/util/concurrent/SynchronousQueue done
Event: 1.833 loading class java/util/concurrent/SynchronousQueue$TransferStack
Event: 1.833 loading class java/util/concurrent/SynchronousQueue$Transferer
Event: 1.833 loading class java/util/concurrent/SynchronousQueue$Transferer done
Event: 1.833 loading class java/util/concurrent/SynchronousQueue$TransferStack done
Event: 1.833 loading class java/util/concurrent/SynchronousQueue$TransferStack$SNode
Event: 1.833 loading class java/util/concurrent/ForkJoinPool$ManagedBlocker
Event: 1.833 loading class java/util/concurrent/ForkJoinPool$ManagedBlocker done
Event: 1.833 loading class java/util/concurrent/SynchronousQueue$TransferStack$SNode done
Event: 1.833 loading class java/lang/ProcessImpl$2
Event: 1.833 loading class java/lang/ProcessImpl$2 done
Event: 1.833 loading class java/lang/Process$PipeInputStream
Event: 1.833 loading class java/lang/Process$PipeInputStream done
Event: 1.834 loading class jdk/internal/event/ProcessStartEvent
Event: 1.834 loading class jdk/internal/event/ProcessStartEvent done
Event: 1.834 loading class java/io/PipedOutputStream
Event: 1.834 loading class java/io/PipedOutputStream done
Event: 1.835 Thread 0x000001afeeea02c0 Thread added: 0x000001afeeea02c0
Event: 1.835 Thread 0x000001afeee9e460 Thread added: 0x000001afeee9e460
Event: 1.835 Thread 0x000001afeee9f8a0 Thread added: 0x000001afeee9f8a0


Dynamic libraries:
0x00007ff74ec30000 - 0x00007ff74ec3a000 	C:\Users\Mega-Pc\.jdks\jbrsdk-17.0.9\bin\java.exe
0x00007ff8e6430000 - 0x00007ff8e6628000 	C:\Windows\SYSTEM32\ntdll.dll
0x00007ff8e4880000 - 0x00007ff8e493d000 	C:\Windows\System32\KERNEL32.DLL
0x00007ff8e3f20000 - 0x00007ff8e4216000 	C:\Windows\System32\KERNELBASE.dll
0x00007ff8e42c0000 - 0x00007ff8e43c0000 	C:\Windows\System32\ucrtbase.dll
0x00007ff8bfc20000 - 0x00007ff8bfc37000 	C:\Users\Mega-Pc\.jdks\jbrsdk-17.0.9\bin\jli.dll
0x00007ff8bfc40000 - 0x00007ff8bfc5b000 	C:\Users\Mega-Pc\.jdks\jbrsdk-17.0.9\bin\VCRUNTIME140.dll
0x00007ff8e5820000 - 0x00007ff8e59bf000 	C:\Windows\System32\USER32.dll
0x00007ff8e3ef0000 - 0x00007ff8e3f12000 	C:\Windows\System32\win32u.dll
0x00007ff8ca710000 - 0x00007ff8ca9aa000 	C:\Windows\WinSxS\amd64_microsoft.windows.common-controls_6595b64144ccf1df_6.0.19041.3636_none_60b6a03d71f818d5\COMCTL32.dll
0x00007ff8e57b0000 - 0x00007ff8e57db000 	C:\Windows\System32\GDI32.dll
0x00007ff8e4d00000 - 0x00007ff8e4d9e000 	C:\Windows\System32\msvcrt.dll
0x00007ff8e3dd0000 - 0x00007ff8e3ee7000 	C:\Windows\System32\gdi32full.dll
0x00007ff8e4220000 - 0x00007ff8e42bd000 	C:\Windows\System32\msvcp_win.dll
0x00007ff8e57e0000 - 0x00007ff8e5812000 	C:\Windows\System32\IMM32.DLL
0x00007ff8df5a0000 - 0x00007ff8df5ac000 	C:\Users\Mega-Pc\.jdks\jbrsdk-17.0.9\bin\vcruntime140_1.dll
0x00007ff8a23c0000 - 0x00007ff8a244d000 	C:\Users\Mega-Pc\.jdks\jbrsdk-17.0.9\bin\msvcp140.dll
0x00007ff868e50000 - 0x00007ff869ad3000 	C:\Users\Mega-Pc\.jdks\jbrsdk-17.0.9\bin\server\jvm.dll
0x00007ff8e5630000 - 0x00007ff8e56e0000 	C:\Windows\System32\ADVAPI32.dll
0x00007ff8e45c0000 - 0x00007ff8e4660000 	C:\Windows\System32\sechost.dll
0x00007ff8e5b50000 - 0x00007ff8e5c73000 	C:\Windows\System32\RPCRT4.dll
0x00007ff8e4430000 - 0x00007ff8e4457000 	C:\Windows\System32\bcrypt.dll
0x00007ff8e3410000 - 0x00007ff8e345b000 	C:\Windows\SYSTEM32\POWRPROF.dll
0x00007ff8d4e70000 - 0x00007ff8d4e79000 	C:\Windows\SYSTEM32\WSOCK32.dll
0x00007ff8de9b0000 - 0x00007ff8de9ba000 	C:\Windows\SYSTEM32\VERSION.dll
0x00007ff8d8770000 - 0x00007ff8d8797000 	C:\Windows\SYSTEM32\WINMM.dll
0x00007ff8e4da0000 - 0x00007ff8e4e0b000 	C:\Windows\System32\WS2_32.dll
0x00007ff8e32d0000 - 0x00007ff8e32e2000 	C:\Windows\SYSTEM32\UMPDC.dll
0x00007ff8e18b0000 - 0x00007ff8e18c2000 	C:\Windows\SYSTEM32\kernel.appcore.dll
0x00007ff8d7e80000 - 0x00007ff8d7e8a000 	C:\Users\Mega-Pc\.jdks\jbrsdk-17.0.9\bin\jimage.dll
0x00007ff8ddf20000 - 0x00007ff8de104000 	C:\Windows\SYSTEM32\DBGHELP.DLL
0x00007ff8ddea0000 - 0x00007ff8dded4000 	C:\Windows\SYSTEM32\dbgcore.DLL
0x00007ff8e3d40000 - 0x00007ff8e3dc2000 	C:\Windows\System32\bcryptPrimitives.dll
0x00007ff8df460000 - 0x00007ff8df46e000 	C:\Users\Mega-Pc\.jdks\jbrsdk-17.0.9\bin\instrument.dll
0x00007ff8bfbf0000 - 0x00007ff8bfc15000 	C:\Users\Mega-Pc\.jdks\jbrsdk-17.0.9\bin\java.dll
0x00007ff8bfbd0000 - 0x00007ff8bfbe8000 	C:\Users\Mega-Pc\.jdks\jbrsdk-17.0.9\bin\zip.dll
0x00007ff8a1910000 - 0x00007ff8a19e7000 	C:\Users\Mega-Pc\.jdks\jbrsdk-17.0.9\bin\jsvml.dll
0x00007ff8e5c80000 - 0x00007ff8e63eb000 	C:\Windows\System32\SHELL32.dll
0x00007ff8e1b90000 - 0x00007ff8e232e000 	C:\Windows\SYSTEM32\windows.storage.dll
0x00007ff8e49a0000 - 0x00007ff8e4cf3000 	C:\Windows\System32\combase.dll
0x00007ff8e3510000 - 0x00007ff8e353e000 	C:\Windows\SYSTEM32\Wldp.dll
0x00007ff8e5560000 - 0x00007ff8e562d000 	C:\Windows\System32\OLEAUT32.dll
0x00007ff8e4510000 - 0x00007ff8e45bd000 	C:\Windows\System32\SHCORE.dll
0x00007ff8e4940000 - 0x00007ff8e4995000 	C:\Windows\System32\shlwapi.dll
0x00007ff8e3a10000 - 0x00007ff8e3a33000 	C:\Windows\SYSTEM32\profapi.dll
0x00007ff8bf890000 - 0x00007ff8bf8a9000 	C:\Users\Mega-Pc\.jdks\jbrsdk-17.0.9\bin\net.dll
0x00007ff8df0d0000 - 0x00007ff8df1da000 	C:\Windows\SYSTEM32\WINHTTP.dll
0x00007ff8e3200000 - 0x00007ff8e326a000 	C:\Windows\system32\mswsock.dll
0x00007ff8bf870000 - 0x00007ff8bf886000 	C:\Users\Mega-Pc\.jdks\jbrsdk-17.0.9\bin\nio.dll
0x00007ff8ca2d0000 - 0x00007ff8ca2ea000 	C:\Program Files\JetBrains\IntelliJ IDEA 2023.2.4\bin\breakgen64.dll
0x0000000069ac0000 - 0x0000000069ae4000 	C:\Users\Mega-Pc\AppData\Local\Temp\jansi-2.4.0-e9e64c0da8d4e56d-jansi.dll
0x00007ff8c5c30000 - 0x00007ff8c5c40000 	C:\Users\Mega-Pc\.jdks\jbrsdk-17.0.9\bin\verify.dll

dbghelp: loaded successfully - version: 4.0.5 - missing functions: none
symbol engine: initialized successfully - sym options: 0x614 - pdb path: .;C:\Users\Mega-Pc\.jdks\jbrsdk-17.0.9\bin;C:\Windows\SYSTEM32;C:\Windows\WinSxS\amd64_microsoft.windows.common-controls_6595b64144ccf1df_6.0.19041.3636_none_60b6a03d71f818d5;C:\Users\Mega-Pc\.jdks\jbrsdk-17.0.9\bin\server;C:\Program Files\JetBrains\IntelliJ IDEA 2023.2.4\bin;C:\Users\Mega-Pc\AppData\Local\Temp

VM Arguments:
jvm_args: -Dmaven.multiModuleProjectDirectory=C:\Users\Mega-Pc\Desktop\JAVAFX\workshopjdbc-3a-main -Djansi.passthrough=true -Dmaven.home=C:\Program Files\JetBrains\IntelliJ IDEA 2023.2.4\plugins\maven\lib\maven3 -Dclassworlds.conf=C:\Program Files\JetBrains\IntelliJ IDEA 2023.2.4\plugins\maven\lib\maven3\bin\m2.conf -Dmaven.ext.class.path=C:\Program Files\JetBrains\IntelliJ IDEA 2023.2.4\plugins\maven\lib\maven-event-listener.jar -javaagent:C:\Program Files\JetBrains\IntelliJ IDEA 2023.2.4\lib\idea_rt.jar=52637:C:\Program Files\JetBrains\IntelliJ IDEA 2023.2.4\bin -Dfile.encoding=UTF-8 
java_command: org.codehaus.classworlds.Launcher -Didea.version=2023.2.4 org.openjfx:javafx-maven-plugin:0.0.8:run
java_class_path (initial): C:\Program Files\JetBrains\IntelliJ IDEA 2023.2.4\plugins\maven\lib\maven3\boot\plexus-classworlds-2.7.0.jar;C:\Program Files\JetBrains\IntelliJ IDEA 2023.2.4\plugins\maven\lib\maven3\boot\plexus-classworlds.license
Launcher Type: SUN_STANDARD

[Global flags]
     intx CICompilerCount                          = 4                                         {product} {ergonomic}
     uint ConcGCThreads                            = 3                                         {product} {ergonomic}
     uint G1ConcRefinementThreads                  = 10                                        {product} {ergonomic}
   size_t G1HeapRegionSize                         = 2097152                                   {product} {ergonomic}
    uintx GCDrainStackTargetSize                   = 64                                        {product} {ergonomic}
   size_t InitialHeapSize                          = 268435456                                 {product} {ergonomic}
   size_t MarkStackSize                            = 4194304                                   {product} {ergonomic}
   size_t MaxHeapSize                              = 4276092928                                {product} {ergonomic}
   size_t MaxNewSize                               = 2564816896                                {product} {ergonomic}
   size_t MinHeapDeltaBytes                        = 2097152                                   {product} {ergonomic}
   size_t MinHeapSize                              = 8388608                                   {product} {ergonomic}
    uintx NonNMethodCodeHeapSize                   = 5839372                                {pd product} {ergonomic}
    uintx NonProfiledCodeHeapSize                  = 122909434                              {pd product} {ergonomic}
    uintx ProfiledCodeHeapSize                     = 122909434                              {pd product} {ergonomic}
    uintx ReservedCodeCacheSize                    = 251658240                              {pd product} {ergonomic}
     bool SegmentedCodeCache                       = true                                      {product} {ergonomic}
   size_t SoftMaxHeapSize                          = 4276092928                             {manageable} {ergonomic}
     bool UseCompressedClassPointers               = true                           {product lp64_product} {ergonomic}
     bool UseCompressedOops                        = true                           {product lp64_product} {ergonomic}
     bool UseG1GC                                  = true                                      {product} {ergonomic}
     bool UseLargePagesIndividualAllocation        = false                                  {pd product} {ergonomic}

Logging:
Log output configuration:
 #0: stdout all=warning uptime,level,tags
 #1: stderr all=off uptime,level,tags

Environment Variables:
PATH=C:\Program Files (x86)\Razer Chroma SDK\bin;C:\Program Files\Razer Chroma SDK\bin;C:\Program Files (x86)\Razer\ChromaBroadcast\bin;C:\Program Files\Razer\ChromaBroadcast\bin;C:\Windows\system32;C:\Windows;C:\Windows\System32\Wbem;C:\Windows\System32\WindowsPowerShell\v1.0\;C:\Windows\System32\OpenSSH\;C:\Program Files (x86)\NVIDIA Corporation\PhysX\Common;C:\Program Files\NVIDIA Corporation\NVIDIA NvDLISR;C:\Windows\system32\config\systemprofile\AppData\Local\Microsoft\WindowsApps;C:\Users\Mega-Pc\AppData\Local\Microsoft\WindowsApps;C:\Users\Mega-Pc\AppData\Local\Programs\Microsoft VS Code\bin;C:\Users\Mega-Pc\AppData\Local\GitHubDesktop\bin;C:\xampp\php;C:\ProgramData\ComposerSetup\bin;C:\Program Files\Git\cmd;C:\Users\Mega-Pc\scoop\shims;C:\Users\Mega-Pc\AppData\Local\Microsoft\WindowsApps;C:\Users\Mega-Pc\AppData\Local\Programs\Microsoft VS Code\bin;C:\Users\Mega-Pc\AppData\Local\GitHubDesktop\bin;C:\Program Files\JetBrains\IntelliJ IDEA 2023.2.4\bin;;C:\Users\Mega-Pc\AppData\Roaming\Composer\vendor\bin
USERNAME=Mega-Pc
OS=Windows_NT
PROCESSOR_IDENTIFIER=AMD64 Family 23 Model 113 Stepping 0, AuthenticAMD
TMP=C:\Users\Mega-Pc\AppData\Local\Temp
TEMP=C:\Users\Mega-Pc\AppData\Local\Temp



Periodic native trim disabled

JNI global refs:
JNI global refs: 15, weak refs: 0

JNI global refs memory usage: 843, weak refs: 209

OOME stack traces (most recent first):
Classloader memory used:
Loader org.codehaus.plexus.classworlds.realm.ClassRealm                                : 1787K
Loader bootstrap                                                                       : 1768K
Loader jdk.internal.loader.ClassLoaders$AppClassLoader                                 : 30386B
Loader org.eclipse.sisu.space.CloningClassSpace$CloningClassLoader                     : 10540B
Loader jdk.internal.loader.ClassLoaders$PlatformClassLoader                            : 9088B
Loader jdk.internal.reflect.DelegatingClassLoader                                      : 5782B

Classes loaded by more than one classloader:
Class org.codehaus.plexus.util.MatchPatterns                                          : loaded 3 times (x 73B)
Class org.sonatype.plexus.components.sec.dispatcher.DefaultSecDispatcher              : loaded 2 times (x 81B)
Class org.codehaus.plexus.interpolation.InterpolationPostProcessor                    : loaded 2 times (x 68B)
Class org.codehaus.plexus.util.DirectoryScanner                                       : loaded 2 times (x 113B)
Class org.codehaus.plexus.interpolation.BasicInterpolator                             : loaded 2 times (x 68B)
Class org.codehaus.plexus.languages.java.jpms.ResolvePathResult                       : loaded 2 times (x 74B)
Class org.codehaus.plexus.languages.java.jpms.LocationManager                         : loaded 2 times (x 72B)
Class org.codehaus.plexus.util.Scanner                                                : loaded 2 times (x 68B)
Class org.sonatype.plexus.components.cipher.PlexusCipherException                     : loaded 2 times (x 80B)
Class [Lorg.codehaus.plexus.util.MatchPattern;                                        : loaded 2 times (x 67B)
Class org.codehaus.plexus.interpolation.ValueSource                                   : loaded 2 times (x 68B)
Class org.codehaus.plexus.util.AbstractScanner                                        : loaded 2 times (x 98B)
Class org.codehaus.plexus.util.MatchPattern                                           : loaded 2 times (x 76B)
Class org.codehaus.plexus.languages.java.jpms.ResolvePathsRequest                     : loaded 2 times (x 80B)
Class org.codehaus.plexus.languages.java.jpms.JavaModuleDescriptor                    : loaded 2 times (x 76B)
Class org.codehaus.plexus.interpolation.RecursionInterceptor                          : loaded 2 times (x 68B)
Class org.apache.maven.shared.utils.logging.MessageBuilder                            : loaded 2 times (x 68B)
Class org.codehaus.plexus.languages.java.jpms.SourceModuleInfoParser                  : loaded 2 times (x 70B)
Class org.sonatype.plexus.components.sec.dispatcher.model.SettingsSecurity            : loaded 2 times (x 80B)
Class org.sonatype.plexus.components.cipher.PlexusCipher                              : loaded 2 times (x 68B)
Class org.sonatype.plexus.components.sec.dispatcher.SecDispatcher                     : loaded 2 times (x 68B)
Class org.codehaus.plexus.interpolation.PropertiesBasedValueSource                    : loaded 2 times (x 80B)
Class org.codehaus.plexus.interpolation.AbstractValueSource                           : loaded 2 times (x 80B)
Class org.sonatype.plexus.components.sec.dispatcher.SecDispatcherException            : loaded 2 times (x 80B)
Class org.sonatype.plexus.components.cipher.DefaultPlexusCipher                       : loaded 2 times (x 91B)
Class org.codehaus.plexus.util.Os                                                     : loaded 2 times (x 75B)
Class org.codehaus.plexus.languages.java.jpms.ModuleInfoParser                        : loaded 2 times (x 68B)
Class org.codehaus.plexus.util.SelectorUtils                                          : loaded 2 times (x 69B)
Class org.codehaus.plexus.util.StringUtils                                            : loaded 2 times (x 69B)
Class org.codehaus.plexus.languages.java.jpms.ManifestModuleNameExtractor             : loaded 2 times (x 73B)
Class org.apache.commons.lang3.StringUtils                                            : loaded 2 times (x 69B)
Class org.codehaus.plexus.languages.java.jpms.ResolvePathRequest                      : loaded 2 times (x 74B)
Class org.codehaus.plexus.languages.java.jpms.ResolvePathsResult                      : loaded 2 times (x 80B)
Class org.codehaus.plexus.util.cli.CommandLineException                               : loaded 2 times (x 80B)
Class org.sonatype.plexus.components.cipher.PBECipher                                 : loaded 2 times (x 72B)
Class org.codehaus.plexus.interpolation.Interpolator                                  : loaded 2 times (x 68B)
Class org.codehaus.plexus.languages.java.jpms.ModuleNameExtractor                     : loaded 2 times (x 68B)


---------------  S Y S T E M  ---------------

OS:
 Windows 10 , 64 bit Build 19041 (10.0.19041.3636)
OS uptime: 3 days 23:43 hours

CPU: total 12 (initial active 12) (12 cores per cpu, 2 threads per core) family 23 model 113 stepping 0 microcode 0x0, cx8, cmov, fxsr, ht, mmx, 3dnowpref, sse, sse2, sse3, ssse3, sse4a, sse4.1, sse4.2, popcnt, lzcnt, tsc, tscinvbit, avx, avx2, aes, clmul, bmi1, bmi2, adx, sha, fma, vzeroupper, clflush, clflushopt
Processor Information for all 12 processors :
  Max Mhz: 3600, Current Mhz: 3600, Mhz Limit: 3600

Memory: 4k page, system-wide physical 16307M (3410M free)
TotalPageFile size 65459M (AvailPageFile size 75M)
current process WorkingSet (physical memory assigned to process): 228M, peak: 228M
current process commit charge ("private bytes"): 329M, peak: 389M

vm_info: OpenJDK 64-Bit Server VM (17.0.9+7-b1087.3) for windows-amd64 JRE (17.0.9+7-b1087.3), built on 2023-10-21 by "builduser" with MS VC++ 16.10 / 16.11 (VS2019)

END.
